2024-12-04 00:51:19,542 CLIENT | INFO: User Verified
2024-12-04 00:51:19,545 CLIENT | INFO: Secure Drop started.
2024-12-04 00:52:11,293 CLIENT | INFO: Exiting Secure Drop.
2024-12-04 00:52:22,670 CLIENT | INFO: User Verified
2024-12-04 00:52:22,673 CLIENT | INFO: Secure Drop started.
2024-12-04 01:06:40,654 CLIENT | INFO: Exiting Secure Drop.
2024-12-04 01:07:30,599 CLIENT | INFO: User Verified
2024-12-04 01:07:30,601 CLIENT | INFO: Secure Drop started.
2024-12-04 01:10:04,081 CLIENT | INFO: Exiting Secure Drop.
2024-12-04 01:10:18,260 CLIENT | INFO: User Verified
2024-12-04 01:10:18,262 CLIENT | INFO: Secure Drop started.
2024-12-04 01:10:58,623 CLIENT | INFO: Exiting Secure Drop.
2024-12-04 01:11:11,406 CLIENT | INFO: User Verified
2024-12-04 01:11:11,409 CLIENT | INFO: Secure Drop started.
2024-12-04 01:13:31,466 CLIENT | INFO: Exiting Secure Drop.
2024-12-04 01:13:40,121 CLIENT | INFO: User Verified
2024-12-04 01:13:40,125 CLIENT | INFO: Secure Drop started.
2024-12-04 01:13:42,832 CLIENT | INFO: Exiting Secure Drop.
2024-12-04 01:21:49,420 CLIENT | INFO: User Verified
2024-12-04 01:21:49,423 CLIENT | INFO: Secure Drop started.
2024-12-04 01:21:53,725 CLIENT | INFO: Exiting Secure Drop.
2024-12-04 01:22:18,159 CLIENT | INFO: User Verified
2024-12-04 01:22:18,161 CLIENT | INFO: Secure Drop started.
2024-12-04 01:22:23,275 CLIENT | INFO: Exiting Secure Drop.
2024-12-04 01:27:27,572 CLIENT | INFO: User Verified
2024-12-04 01:27:27,574 CLIENT | INFO: Secure Drop started.
2024-12-04 01:27:57,475 CLIENT | INFO: Exiting Secure Drop.
2024-12-04 01:28:06,880 CLIENT | INFO: User Verified
2024-12-04 01:28:06,883 CLIENT | INFO: Secure Drop started.
2024-12-04 01:32:17,162 CLIENT | INFO: Exiting Secure Drop.
2024-12-04 01:32:29,947 CLIENT | INFO: User Verified
2024-12-04 01:32:29,949 CLIENT | INFO: Secure Drop started.
2024-12-04 01:37:35,284 CLIENT | INFO: Exiting Secure Drop.
2024-12-04 01:37:50,857 CLIENT | INFO: User Verified
2024-12-04 01:37:50,860 CLIENT | INFO: Secure Drop started.
2024-12-04 01:43:01,694 CLIENT | INFO: Exiting Secure Drop.
2024-12-04 01:43:12,024 CLIENT | INFO: User Verified
2024-12-04 01:43:12,027 CLIENT | INFO: Secure Drop started.
2024-12-04 01:52:27,431 CLIENT | INFO: Exiting Secure Drop.
2024-12-04 01:52:40,661 CLIENT | INFO: User Verified
2024-12-04 01:52:40,664 CLIENT | INFO: Secure Drop started.
2024-12-04 01:55:23,803 CLIENT | INFO: Exiting Secure Drop.
2024-12-04 01:55:33,373 CLIENT | INFO: User Verified
2024-12-04 01:55:33,376 CLIENT | INFO: Secure Drop started.
2024-12-04 01:56:00,902 CLIENT | INFO: Exiting Secure Drop.
2024-12-04 01:56:11,312 CLIENT | INFO: User Verified
2024-12-04 01:56:11,314 CLIENT | INFO: Secure Drop started.
2024-12-04 15:00:18,844 CLIENT | INFO: User Verified
2024-12-04 15:00:18,846 CLIENT | INFO: Secure Drop started.
2024-12-04 15:02:21,789 CLIENT | INFO: Exiting Secure Drop.
2024-12-04 15:02:52,607 CLIENT | INFO: User Verified
2024-12-04 15:02:52,609 CLIENT | INFO: Secure Drop started.
2024-12-04 15:03:16,678 CLIENT | INFO: Exiting Secure Drop.
2024-12-04 15:03:26,553 CLIENT | INFO: User Verified
2024-12-04 15:03:26,561 CLIENT | INFO: Secure Drop started.
2024-12-04 15:11:10,537 CLIENT | INFO: Exiting Secure Drop.
2024-12-04 15:11:18,807 CLIENT | INFO: User Verified
2024-12-04 15:11:18,815 CLIENT | INFO: Secure Drop started.
2024-12-04 15:13:07,194 CLIENT | INFO: Exiting Secure Drop.
2024-12-04 15:13:16,257 CLIENT | INFO: User Verified
2024-12-04 15:13:16,265 CLIENT | INFO: Secure Drop started.
2024-12-04 15:13:42,287 CLIENT | INFO: Exiting Secure Drop.
2024-12-04 15:14:19,845 CLIENT | INFO: Exiting Secure Drop.
2024-12-04 15:14:28,268 CLIENT | INFO: User Verified
2024-12-04 15:14:28,276 CLIENT | INFO: Secure Drop started.
2024-12-04 15:14:28,447 SERVER | INFO: Socket bound to port 23325
2024-12-04 15:14:28,448 SERVER | INFO: Socket is listening...
2024-12-04 15:15:11,952 SERVER | INFO: Closing socket...
2024-12-04 15:15:11,952 CLIENT | INFO: Exiting Secure Drop.
2024-12-04 15:15:11,952 SERVER | INFO: Socket closed
2024-12-04 15:15:20,608 CLIENT | INFO: User Verified
2024-12-04 15:15:20,616 CLIENT | INFO: Secure Drop started.
2024-12-04 15:15:20,772 SERVER | INFO: Socket bound to port 23325
2024-12-04 15:15:20,772 SERVER | INFO: Socket is listening...
2024-12-04 15:21:15,412 CLIENT | INFO: User Verified
2024-12-04 15:21:15,420 CLIENT | INFO: Secure Drop started.
2024-12-04 15:21:15,584 SERVER | INFO: Socket bound to port 23325
2024-12-04 15:21:15,584 SERVER | INFO: Socket is listening...
2024-12-04 15:21:48,804 SERVER | INFO: Closing socket...
2024-12-04 15:21:48,804 CLIENT | INFO: Exiting Secure Drop.
2024-12-04 15:21:48,804 SERVER | INFO: Socket closed
2024-12-04 15:22:40,689 CLIENT | INFO: User Verified
2024-12-04 15:22:40,697 CLIENT | INFO: Secure Drop started.
2024-12-04 15:22:40,855 SERVER | INFO: Socket bound to port 23325
2024-12-04 15:22:40,855 SERVER | INFO: Socket is listening...
2024-12-04 15:23:24,798 CLIENT | INFO: Added contact.
2024-12-04 15:28:44,003 CLIENT | INFO: User Verified
2024-12-04 15:30:05,000 CLIENT | INFO: User Verified
2024-12-04 15:31:11,892 CLIENT | INFO: User Verified
2024-12-04 15:31:11,901 CLIENT | INFO: Secure Drop started.
2024-12-04 15:31:24,413 CLIENT | INFO: Exiting Secure Drop.
2024-12-04 15:31:31,729 CLIENT | INFO: User Verified
2024-12-04 15:31:31,738 CLIENT | INFO: Secure Drop started.
2024-12-04 15:31:31,901 SERVER | INFO: Socket bound to port 23325
2024-12-04 15:31:31,901 SERVER | INFO: Socket is listening...
2024-12-04 15:34:11,377 SERVER | INFO: Closing socket...
2024-12-04 15:34:11,377 CLIENT | INFO: Exiting Secure Drop.
2024-12-04 15:34:11,377 SERVER | INFO: Socket closed
2024-12-04 15:34:11,378 SERVER | INFO: --------------------------------------------------
2024-12-04 15:34:13,373 CLIENT | INFO: Exiting Secure Drop.
2024-12-04 15:34:43,271 CLIENT | INFO: User Verified
2024-12-04 15:34:43,279 CLIENT | INFO: Secure Drop started.
2024-12-04 15:34:43,436 SERVER | INFO: Socket bound to port 23325
2024-12-04 15:34:43,437 SERVER | INFO: Socket is listening...
2024-12-04 15:34:51,400 SERVER | INFO: Closing socket...
2024-12-04 15:34:51,400 CLIENT | INFO: Exiting Secure Drop.
2024-12-04 15:34:51,400 SERVER | INFO: Socket closed
2024-12-04 15:36:25,883 CLIENT | INFO: User Verified
2024-12-04 15:36:25,892 CLIENT | INFO: Secure Drop started.
2024-12-04 15:36:26,048 SERVER | INFO: Socket bound to port 23325
2024-12-04 15:36:26,048 SERVER | INFO: Socket is listening...
2024-12-04 15:36:28,703 CLIENT | INFO: Exiting Secure Drop.
2024-12-04 15:36:28,703 CLIENT | INFO: --------------------------------------------------
2024-12-04 15:36:45,671 CLIENT | INFO: User Verified
2024-12-04 15:36:45,680 CLIENT | INFO: Secure Drop started.
2024-12-04 15:36:45,831 SERVER | INFO: Socket bound to port 23325
2024-12-04 15:36:45,831 SERVER | INFO: Socket is listening...
2024-12-04 15:36:49,618 CLIENT | INFO: Exiting Secure Drop.
2024-12-04 15:36:49,618 CLIENT | INFO: --------------------------------------------------
2024-12-04 15:48:16,470 CLIENT | INFO: User Verified
2024-12-04 15:48:16,479 CLIENT | INFO: Secure Drop started.
2024-12-04 15:48:16,635 SERVER | INFO: Socket bound to port 23325
2024-12-04 15:48:16,635 SERVER | INFO: Socket is listening...
2024-12-04 16:04:12,229 SERVER | INFO: Closing socket...
2024-12-04 16:04:12,230 CLIENT | INFO: Exiting Secure Drop.
2024-12-04 16:04:12,230 CLIENT | INFO: --------------------------------------------------
2024-12-04 16:04:12,230 SERVER | INFO: Socket closed
2024-12-04 16:04:21,396 CLIENT | INFO: User Verified
2024-12-04 16:04:21,405 CLIENT | INFO: Secure Drop started.
2024-12-04 16:04:48,908 CLIENT | INFO: Exiting Secure Drop.
2024-12-04 16:04:48,908 CLIENT | INFO: --------------------------------------------------
2024-12-04 16:05:01,523 CLIENT | INFO: User Verified
2024-12-04 16:05:01,531 CLIENT | INFO: Secure Drop started.
2024-12-04 16:05:53,489 CLIENT | INFO: Exiting Secure Drop.
2024-12-04 16:05:53,490 CLIENT | INFO: --------------------------------------------------
2024-12-04 16:06:01,538 CLIENT | INFO: User Verified
2024-12-04 16:06:01,546 CLIENT | INFO: Secure Drop started.
2024-12-04 16:06:01,706 SERVER | INFO: Socket bound to port 23325
2024-12-04 16:06:01,706 SERVER | INFO: Socket is listening...
2024-12-04 17:52:19,586 CLIENT | INFO: Exiting Secure Drop.
2024-12-04 17:52:19,586 CLIENT | INFO: --------------------------------------------------
2024-12-04 17:52:19,586 SERVER | INFO: Closing socket...
2024-12-04 17:52:45,598 CLIENT | INFO: User Verified
2024-12-04 17:52:45,606 CLIENT | INFO: Secure Drop started.
2024-12-04 17:52:45,764 SERVER | INFO: Socket bound to port 23325
2024-12-04 17:52:45,764 SERVER | INFO: Socket is listening...
2024-12-04 18:43:00,977 SERVER | INFO: Closing socket...
2024-12-04 18:43:00,977 SERVER | INFO: Socket closed
2024-12-04 18:43:00,977 CLIENT | INFO: Exiting Secure Drop.
2024-12-04 18:43:00,981 CLIENT | INFO: --------------------------------------------------
2024-12-04 18:43:10,732 CLIENT | INFO: User Verified
2024-12-04 18:43:10,740 CLIENT | INFO: Secure Drop started.
2024-12-04 18:43:10,894 SERVER | INFO: Socket bound to port 23325
2024-12-04 18:43:10,894 SERVER | INFO: Socket is listening...
2024-12-04 18:44:31,964 SERVER | INFO: Accepted connection from ('127.0.0.1', 42274)
2024-12-04 18:44:31,965 SERVER | ERROR: Socket error occurred while handling client ('127.0.0.1', 42274)
2024-12-04 18:44:31,965 SERVER | ERROR: SocketError: [Errno 104] Connection reset by peer
2024-12-04 21:42:50,368 SERVER | INFO: Closing socket...
2024-12-04 21:42:50,369 CLIENT | INFO: Exiting Secure Drop.
2024-12-04 21:42:50,370 CLIENT | INFO: --------------------------------------------------
2024-12-05 04:08:18,954 CLIENT | INFO: User Verified
2024-12-05 04:08:18,963 CLIENT | INFO: Secure Drop started.
2024-12-05 04:09:58,663 CLIENT | INFO: Exiting Secure Drop.
2024-12-05 04:09:58,663 CLIENT | INFO: --------------------------------------------------
2024-12-05 04:10:08,183 CLIENT | INFO: User Verified
2024-12-05 04:10:08,192 CLIENT | INFO: Secure Drop started.
2024-12-05 04:14:26,547 CLIENT | INFO: Exiting Secure Drop.
2024-12-05 04:14:26,547 CLIENT | INFO: --------------------------------------------------
2024-12-05 04:14:38,096 CLIENT | INFO: User Verified
2024-12-05 04:14:38,104 CLIENT | INFO: Secure Drop started.
2024-12-05 04:15:06,536 CLIENT | INFO: Exiting Secure Drop.
2024-12-05 04:15:06,537 CLIENT | INFO: --------------------------------------------------
2024-12-05 04:15:16,516 CLIENT | INFO: User Verified
2024-12-05 04:15:16,524 CLIENT | INFO: Secure Drop started.
2024-12-05 04:15:57,366 CLIENT | INFO: Exiting Secure Drop.
2024-12-05 04:15:57,366 CLIENT | INFO: --------------------------------------------------
2024-12-05 04:16:12,289 CLIENT | INFO: User Verified
2024-12-05 04:16:12,297 CLIENT | INFO: Secure Drop started.
2024-12-05 04:16:12,460 SERVER | INFO: Discovery server listening on port 23326
2024-12-05 04:16:12,460 SERVER | INFO: Socket bound to port 23325
2024-12-05 04:16:12,460 SERVER | INFO: Socket is listening...
2024-12-05 04:16:30,548 CLIENT | INFO: Exiting Secure Drop.
2024-12-05 04:16:30,548 SERVER | INFO: Closing socket...
2024-12-05 04:16:30,548 CLIENT | INFO: --------------------------------------------------
2024-12-05 04:16:40,407 CLIENT | INFO: User Verified
2024-12-05 04:16:40,416 CLIENT | INFO: Secure Drop started.
2024-12-05 04:16:40,572 SERVER | INFO: Socket bound to port 23325
2024-12-05 04:16:40,572 SERVER | INFO: Discovery server listening on port 23326
2024-12-05 04:16:40,572 SERVER | INFO: Socket is listening...
2024-12-05 04:18:21,263 SERVER | INFO: Closing socket...
2024-12-05 04:18:21,263 CLIENT | INFO: Exiting Secure Drop.
2024-12-05 04:18:21,263 CLIENT | INFO: --------------------------------------------------
2024-12-05 04:18:21,263 SERVER | INFO: Socket closed
2024-12-05 04:18:33,998 CLIENT | INFO: User Verified
2024-12-05 04:18:34,006 CLIENT | INFO: Secure Drop started.
2024-12-05 04:18:34,166 SERVER | INFO: Discovery server listening on port 23326
2024-12-05 04:18:34,166 SERVER | INFO: Secure Drop Server listening on port 23325...
2024-12-05 04:21:19,454 SERVER | INFO: Closing socket...
2024-12-05 04:21:19,454 SERVER | INFO: Socket closed
2024-12-05 04:21:19,454 CLIENT | INFO: Exiting Secure Drop.
2024-12-05 04:21:19,454 CLIENT | INFO: --------------------------------------------------
2024-12-05 04:21:34,503 CLIENT | INFO: User Verified
2024-12-05 04:21:34,512 CLIENT | INFO: Secure Drop started.
2024-12-05 04:21:34,670 SERVER | INFO: Discovery server listening on port 23326
2024-12-05 04:21:34,671 SERVER | INFO: Secure Drop Server listening on port 23325...
2024-12-05 04:24:54,246 SERVER | INFO: Closing socket...
2024-12-05 04:24:54,246 CLIENT | INFO: Exiting Secure Drop.
2024-12-05 04:24:54,246 CLIENT | INFO: --------------------------------------------------
2024-12-05 04:24:54,246 SERVER | INFO: Socket closed
2024-12-05 04:25:21,742 CLIENT | INFO: User Verified
2024-12-05 04:25:21,751 CLIENT | INFO: Secure Drop started.
2024-12-05 04:25:21,902 SERVER | INFO: Discovery server listening on port 23326
2024-12-05 04:25:21,902 SERVER | INFO: Secure Drop Server listening on port 23325...
2024-12-05 04:25:46,103 SERVER | INFO: Secure Drop Server stopped
2024-12-05 04:25:46,103 CLIENT | INFO: Exiting Secure Drop.
2024-12-05 04:25:46,103 CLIENT | INFO: --------------------------------------------------
2024-12-05 04:26:04,886 CLIENT | INFO: User Verified
2024-12-05 04:26:04,894 CLIENT | INFO: Secure Drop started.
2024-12-05 04:26:05,049 SERVER | INFO: Discovery server listening on port 23326
2024-12-05 04:26:05,049 SERVER | INFO: Secure Drop Server listening on port 23325...
2024-12-05 04:26:21,693 CLIENT | INFO: Exiting Secure Drop.
2024-12-05 04:26:21,693 CLIENT | INFO: --------------------------------------------------
2024-12-05 04:27:00,982 CLIENT | INFO: User Verified
2024-12-05 04:27:00,991 CLIENT | INFO: Secure Drop started.
2024-12-05 04:27:01,142 SERVER | INFO: Discovery server listening on port 23326
2024-12-05 04:27:01,142 SERVER | INFO: Secure Drop Server listening on port 23325...
2024-12-05 04:27:03,062 SERVER | INFO: Dicovery request received from ('10.10.55.2', 34040)
2024-12-05 04:27:03,063 SERVER | WARNING: Invalid discovery request received from ('10.10.55.2', 34040)
2024-12-05 04:28:09,660 CLIENT | INFO: Exiting Secure Drop.
2024-12-05 04:28:09,660 SERVER | INFO: Secure Drop Server stopped
2024-12-05 04:28:09,660 CLIENT | INFO: --------------------------------------------------
2024-12-05 04:32:42,360 CLIENT | INFO: User Verified
2024-12-05 04:32:42,368 CLIENT | INFO: Secure Drop started.
2024-12-05 04:32:42,526 SERVER | INFO: Discovery server listening on port 23326
2024-12-05 04:32:42,526 SERVER | INFO: Secure Drop Server listening on port 23325...
2024-12-05 04:32:59,001 SERVER | INFO: Dicovery request received from ('10.10.55.2', 42340)
2024-12-05 04:32:59,001 SERVER | INFO: Stopping discovery server... {e}
2024-12-05 04:32:59,001 SERVER | INFO: Discovery server stopped
2024-12-05 04:34:18,351 CLIENT | INFO: Exiting Secure Drop.
2024-12-05 04:34:18,351 CLIENT | INFO: --------------------------------------------------
2024-12-05 04:34:32,296 CLIENT | INFO: User Verified
2024-12-05 04:34:32,305 CLIENT | INFO: Secure Drop started.
2024-12-05 04:34:32,463 SERVER | INFO: Discovery server listening on port 23326
2024-12-05 04:34:32,463 SERVER | INFO: Secure Drop Server listening on port 23325...
2024-12-05 04:34:34,122 SERVER | INFO: Dicovery request received from ('10.10.55.2', 49003)
2024-12-05 04:34:34,123 SERVER | INFO: Stopping discovery server... {e}
2024-12-05 04:34:34,123 SERVER | INFO: Discovery server stopped
2024-12-05 04:37:03,885 SERVER | INFO: Secure Drop Server stopped
2024-12-05 04:37:03,885 CLIENT | INFO: Exiting Secure Drop.
2024-12-05 04:37:03,885 CLIENT | INFO: --------------------------------------------------
2024-12-05 04:37:16,954 CLIENT | INFO: User Verified
2024-12-05 04:37:16,962 CLIENT | INFO: Secure Drop started.
2024-12-05 04:37:17,122 SERVER | INFO: Discovery server listening on port 23326
2024-12-05 04:37:17,122 SERVER | INFO: Secure Drop Server listening on port 23325...
2024-12-05 04:37:18,559 SERVER | INFO: Dicovery request received from ('10.10.55.2', 44810)
2024-12-05 04:37:18,560 SERVER | INFO: Stopping discovery server... {e}
2024-12-05 04:37:18,561 SERVER | INFO: Discovery server stopped
2024-12-05 04:38:50,871 SERVER | INFO: Secure Drop Server stopped
2024-12-05 04:38:50,871 CLIENT | INFO: Exiting Secure Drop.
2024-12-05 04:38:50,871 CLIENT | INFO: --------------------------------------------------
2024-12-05 04:39:05,276 CLIENT | INFO: User Verified
2024-12-05 04:39:05,284 CLIENT | INFO: Secure Drop started.
2024-12-05 04:39:05,444 SERVER | INFO: Secure Drop Server listening on port 23325...
2024-12-05 04:39:05,444 SERVER | INFO: Discovery server listening on port 23326
2024-12-05 04:39:07,183 SERVER | INFO: Dicovery request received from ('10.10.55.2', 45846)
2024-12-05 04:39:07,183 SERVER | INFO: Stopping discovery server... type object 'SecureDropUtils' has no attribute 'CLIENT_CERT_PATH'
2024-12-05 04:39:07,183 SERVER | INFO: Discovery server stopped
2024-12-05 04:41:15,204 SERVER | INFO: Secure Drop Server stopped
2024-12-05 04:41:15,205 CLIENT | INFO: Exiting Secure Drop.
2024-12-05 04:41:15,205 CLIENT | INFO: --------------------------------------------------
2024-12-05 04:41:26,112 CLIENT | INFO: User Verified
2024-12-05 04:41:26,120 CLIENT | INFO: Secure Drop started.
2024-12-05 04:41:26,279 SERVER | INFO: Discovery server listening on port 23326
2024-12-05 04:41:26,279 SERVER | INFO: Secure Drop Server listening on port 23325...
2024-12-05 04:41:28,038 SERVER | INFO: Dicovery request received from ('10.10.55.2', 54370)
2024-12-05 04:41:28,081 SERVER | INFO: Sent certificate to ('10.10.55.2', 54370)
2024-12-05 04:44:21,193 CLIENT | INFO: Exiting Secure Drop.
2024-12-05 04:44:21,193 SERVER | INFO: Secure Drop Server stopped
2024-12-05 04:44:21,193 CLIENT | INFO: --------------------------------------------------
2024-12-05 04:44:32,193 CLIENT | INFO: User Verified
2024-12-05 04:44:32,200 CLIENT | INFO: Secure Drop started.
2024-12-05 04:44:32,354 SERVER | INFO: Secure Drop Server listening on port 23325...
2024-12-05 04:44:32,354 SERVER | INFO: Discovery server listening on port 23326
2024-12-05 04:44:34,275 SERVER | INFO: Dicovery request received from ('10.10.55.2', 34551)
2024-12-05 04:44:34,300 SERVER | INFO: Sent certificate to ('10.10.55.2', 34551)
2024-12-05 04:45:50,221 CLIENT | INFO: Exiting Secure Drop.
2024-12-05 04:45:50,221 SERVER | INFO: Secure Drop Server stopped
2024-12-05 04:45:50,221 CLIENT | INFO: --------------------------------------------------
2024-12-05 04:45:58,487 CLIENT | INFO: User Verified
2024-12-05 04:45:58,496 CLIENT | INFO: Secure Drop started.
2024-12-05 04:45:58,653 SERVER | INFO: Discovery server listening on port 23326
2024-12-05 04:45:58,654 SERVER | INFO: Secure Drop Server listening on port 23325...
2024-12-05 04:45:59,979 SERVER | INFO: Dicovery request received from ('10.10.55.2', 59201)
2024-12-05 04:46:00,004 SERVER | INFO: Sent certificate to ('10.10.55.2', 59201)
2024-12-05 04:46:37,922 CLIENT | INFO: Exiting Secure Drop.
2024-12-05 04:46:37,922 SERVER | INFO: Secure Drop Server stopped
2024-12-05 04:46:37,922 CLIENT | INFO: --------------------------------------------------
2024-12-05 04:46:53,651 CLIENT | INFO: User Verified
2024-12-05 04:46:53,660 CLIENT | INFO: Secure Drop started.
2024-12-05 04:46:53,815 SERVER | INFO: Secure Drop Server listening on port 23325...
2024-12-05 04:46:53,818 SERVER | INFO: Discovery server listening on port 23326
2024-12-05 04:47:56,495 SERVER | INFO: Secure Drop Server stopped
2024-12-05 04:47:56,495 CLIENT | INFO: Exiting Secure Drop.
2024-12-05 04:47:56,495 CLIENT | INFO: --------------------------------------------------
